[17Mar2025 00:00:09.767] [Server thread/INFO] [net.minecraft.server.MinecraftServer/]: [ShenYugen: Teleported ShenYugen to 333.500000, 147.500000, -15500.500000]
[17Mar2025 00:02:41.494] [Server thread/INFO] [net.minecraft.server.MinecraftServer/]: ShenYugen has made the advancement [A Metallur-what?]
[17Mar2025 00:04:56.823] [Server thread/INFO] [net.minecraft.server.MinecraftServer/]: [ShenYugen: Teleported ShenYugen to -2483.500000, 82.500000, -16396.500000]
[17Mar2025 00:05:26.819] [Server thread/INFO] [net.minecraft.server.MinecraftServer/]: [ShenYugen: Teleported ShenYugen to 333.500000, 147.500000, -15500.500000]
[17Mar2025 00:06:27.391] [Server thread/INFO] [net.minecraft.server.MinecraftServer/]: ShenYugen has made the advancement [The Perfect Foundation]
[17Mar2025 00:07:43.534] [Server thread/INFO] [net.minecraft.server.MinecraftServer/]: ShenYugen has made the advancement [The Alloy That Started it All]
[17Mar2025 00:08:52.229] [Server thread/INFO] [net.minecraft.server.MinecraftServer/]: ShenYugen has made the advancement [Tricking a Rock Into Thinking]
[17Mar2025 00:18:40.707] [Server thread/INFO] [net.minecraft.server.MinecraftServer/]: ShenYugen has made the advancement [Item Interfacing]
[17Mar2025 00:20:39.284] [Server thread/INFO] [net.minecraft.server.MinecraftServer/]: ShenYugen has made the advancement [Cables, for logic]
[17Mar2025 00:24:11.873] [Server thread/INFO] [net.minecraft.server.MinecraftServer/]: ShenYugen has made the advancement [Variables, For Values]
[17Mar2025 00:25:38.446] [Server thread/INFO] [net.minecraft.server.MinecraftServer/]: ShenYugen has made the advancement [Variable Input Transformation]
[17Mar2025 00:26:02.261] [Server thread/INFO] [net.minecraft.server.MinecraftServer/]: ShenYugen has made the advancement [Variable Output Transformation]
[17Mar2025 00:28:46.605] [Server thread/INFO] [net.minecraft.server.MinecraftServer/]: ShenYugen has made the advancement [The Glass of Illumination]
[17Mar2025 00:29:29.433] [Server thread/INFO] [net.minecraft.server.MinecraftServer/]: ShenYugen has made the advancement [Value Displaying]
[17Mar2025 00:29:44.258] [Server thread/INFO] [net.minecraft.server.MinecraftServer/]: ShenYugen has made the advancement [The creation of the Storage Terminal]
[17Mar2025 00:29:56.013] [Server thread/INFO] [net.minecraft.server.MinecraftServer/]: ShenYugen has made the advancement [GUI Simulator 9000]
[17Mar2025 00:40:29.869] [Server thread/INFO] [net.minecraft.server.MinecraftServer/]: [ShenYugen: Teleported ShenYugen to -1802.500000, -43.500000, -15923.500000]
[17Mar2025 00:40:49.437] [Server thread/INFO] [net.minecraft.server.MinecraftServer/]: [ShenYugen: Teleported ShenYugen to 333.500000, 147.500000, -15500.500000]
[17Mar2025 00:41:37.321] [Server thread/INFO] [net.minecraft.server.MinecraftServer/]: ShenYugen has reached the goal [Pick and Place]
[17Mar2025 00:45:52.721] [Server thread/INFO] [net.minecraft.server.MinecraftServer/]: ShenYugen has made the advancement [Getting More From Less]
[17Mar2025 00:47:06.147] [Server thread/INFO] [net.minecraft.server.MinecraftServer/]: ShenYugen has made the advancement [Infusing Efficiency]
[17Mar2025 01:09:07.793] [Server thread/INFO] [net.minecraft.server.MinecraftServer/]: ShenYugen has reached the goal [Trapped Inside]
